-------------------------------------------------------------------------------
Test set: Class_Test.Class_Calculator_Test
-------------------------------------------------------------------------------
Tests run: 15, Failures: 0, Errors: 0, Skipped: 0, Time elapsed: 0.165 s -- in Class_Test.Class_Calculator_Test
Class_Test.Class_Calculator_Test.sub_Test(int, int, int)[1] -- Time elapsed: 0.048 s
Class_Test.Class_Calculator_Test.sub_Test(int, int, int)[2] -- Time elapsed: 0.001 s
Class_Test.Class_Calculator_Test.sub_Test(int, int, int)[3] -- Time elapsed: 0.001 s
Class_Test.Class_Calculator_Test.add_Test(int, int, int)[1] -- Time elapsed: 0.001 s
Class_Test.Class_Calculator_Test.add_Test(int, int, int)[2] -- Time elapsed: 0.001 s
Class_Test.Class_Calculator_Test.add_Test(int, int, int)[3] -- Time elapsed: 0.001 s
Class_Test.Class_Calculator_Test.add2_Test(double, double, double)[1] -- Time elapsed: 0.004 s
Class_Test.Class_Calculator_Test.add2_Test(double, double, double)[2] -- Time elapsed: 0.002 s
Class_Test.Class_Calculator_Test.add2_Test(double, double, double)[3] -- Time elapsed: 0.001 s
Class_Test.Class_Calculator_Test.multiply_Test(int, int, int, int)[1] -- Time elapsed: 0.005 s
Class_Test.Class_Calculator_Test.multiply_Test(int, int, int, int)[2] -- Time elapsed: 0.001 s
Class_Test.Class_Calculator_Test.multiply_Test(int, int, int, int)[3] -- Time elapsed: 0.002 s
Class_Test.Class_Calculator_Test.isEven_Test(int, boolean)[1] -- Time elapsed: 0.005 s
Class_Test.Class_Calculator_Test.isEven_Test(int, boolean)[2] -- Time elapsed: 0.001 s
Class_Test.Class_Calculator_Test.isEven_Test(int, boolean)[3] -- Time elapsed: 0 s
