<?xml version="1.0" encoding="UTF-8"?>
<testsuite xmlns:xsi="http://www.w3.org/2001/XMLSchema-instance" xsi:noNamespaceSchemaLocation="https://maven.apache.org/surefire/maven-surefire-plugin/xsd/surefire-test-report.xsd" version="3.0.1" name="Class_Test.Class_Calculator_Test" time="0.165" tests="15" errors="0" skipped="0" failures="0">
  <properties>
[...]
</properties>
  <testcase name="sub_Test(int, int, int)[1]" classname="Class_Test.Class_Calculator_Test" time="0.048"/>
  <testcase name="sub_Test(int, int, int)[2]" classname="Class_Test.Class_Calculator_Test" time="0.001"/>
  <testcase name="sub_Test(int, int, int)[3]" classname="Class_Test.Class_Calculator_Test" time="0.001"/>
  <testcase name="add_Test(int, int, int)[1]" classname="Class_Test.Class_Calculator_Test" time="0.001"/>
  <testcase name="add_Test(int, int, int)[2]" classname="Class_Test.Class_Calculator_Test" time="0.001"/>
  <testcase name="add_Test(int, int, int)[3]" classname="Class_Test.Class_Calculator_Test" time="0.001"/>
  <testcase name="add2_Test(double, double, double)[1]" classname="Class_Test.Class_Calculator_Test" time="0.004"/>
  <testcase name="add2_Test(double, double, double)[2]" classname="Class_Test.Class_Calculator_Test" time="0.002"/>
  <testcase name="add2_Test(double, double, double)[3]" classname="Class_Test.Class_Calculator_Test" time="0.001"/>
  <testcase name="multiply_Test(int, int, int, int)[1]" classname="Class_Test.Class_Calculator_Test" time="0.005"/>
  <testcase name="multiply_Test(int, int, int, int)[2]" classname="Class_Test.Class_Calculator_Test" time="0.001"/>
  <testcase name="multiply_Test(int, int, int, int)[3]" classname="Class_Test.Class_Calculator_Test" time="0.002"/>
  <testcase name="isEven_Test(int, boolean)[1]" classname="Class_Test.Class_Calculator_Test" time="0.005"/>
  <testcase name="isEven_Test(int, boolean)[2]" classname="Class_Test.Class_Calculator_Test" time="0.001"/>
  <testcase name="isEven_Test(int, boolean)[3]" classname="Class_Test.Class_Calculator_Test" time="0.0"/>
</testsuite>